<?xml version="1.0" encoding="UTF-8"?>
<testng-results skipped="0" failed="0" ignored="0" total="1" passed="1">
  <reporter-output>
  </reporter-output>
  <suite name="AmazonWebsiteProject1" duration-ms="133145" started-at="2021-06-22T21:19:52 MST" finished-at="2021-06-22T21:22:05 MST">
    <groups>
    </groups>
    <test name="Project1" duration-ms="133145" started-at="2021-06-22T21:19:52 MST" finished-at="2021-06-22T21:22:05 MST">
      <class name="com.Project1.TestCases.VisitWebsitePage">
        <test-method status="PASS" signature="visitWebsitePage()[pri:0, instance:com.Project1.TestCases.VisitWebsitePage@394e1a0f]" name="visitWebsitePage" duration-ms="133113" started-at="2021-06-22T21:19:52 MST" finished-at="2021-06-22T21:22:05 MST">
          <reporter-output>
          </reporter-output>
        </test-method> <!-- visitWebsitePage -->
      </class> <!-- com.Project1.TestCases.VisitWebsitePage -->
    </test> <!-- Project1 -->
  </suite> <!-- AmazonWebsiteProject1 -->
</testng-results>
